<?xml version="1.0" encoding="UTF-8" ?>
<testsuite errors="0" failures="0" hostname="borko-alienware" name="mathml.core.MathMLCoreTestSuite" tests="77" time="0.982" timestamp="2010-10-10T14:43:29">
  <properties>
[...]
</properties>
  <testcase classname="mathml.core.MathMLParserTest" name="testParseMathFile_2" time="0.083" />
  <testcase classname="mathml.core.MathMLParserTest" name="testParseMathFile_3" time="0.0070" />
  <testcase classname="mathml.core.MathMLParserTest" name="testParseMathFile_4" time="0.014" />
  <testcase classname="mathml.core.MathMLParserTest" name="testParseMathFile_5" time="0.011" />
  <testcase classname="mathml.core.MathMLParserTest" name="testParseMathFile_6" time="0.012" />
  <testcase classname="mathml.core.MathMLParserTest" name="testParseMathFile_7" time="0.013" />
  <testcase classname="mathml.core.MathMLParserTest" name="testParseMathFile_9" time="0.012" />
  <testcase classname="mathml.core.MathMLParserTest" name="testParseMathFile_10" time="0.012" />
  <testcase classname="mathml.core.MathMLParserTest" name="testParseMathFile_11" time="0.012" />
  <testcase classname="mathml.core.MathMLParserTest" name="testParseMathFile_13" time="0.012" />
  <testcase classname="mathml.core.MathMLParserTest" name="testParseMathFile_14" time="0.0050" />
  <testcase classname="mathml.core.MathMLParserTest" name="testParseMathFile_21" time="0.021" />
  <testcase classname="mathml.core.MathMLParserTest" name="testParseMathFile_22" time="0.0070" />
  <testcase classname="mathml.core.CalculatorTest" name="testCalculateExpression_2" time="0.0" />
  <testcase classname="mathml.core.CalculatorTest" name="testCalculateExpression_3" time="0.0" />
  <testcase classname="mathml.core.CalculatorTest" name="testCalculateExpression_4" time="0.0" />
  <testcase classname="mathml.core.CalculatorTest" name="testCalculateExpression_16" time="0.0" />
  <testcase classname="mathml.core.CalculatorTest" name="testCalculatePlusExpression_18" time="0.0060" />
  <testcase classname="mathml.core.CalculatorTest" name="testCalculateExpression" time="0.0" />
  <testcase classname="mathml.utils.MathMLUtilitiesTest" name="testValidateMathFile_1" time="0.345" />
  <testcase classname="mathml.utils.MathMLUtilitiesTest" name="testValidateMathFile_2" time="0.295" />
  <testcase classname="mathml.core.ArithmeticInfoTest" name="testReferenceEquality" time="0.0" />
  <testcase classname="mathml.function.CosTest" name="testReferenceEquality" time="0.0" />
  <testcase classname="mathml.function.CosTest" name="testGetResult_1" time="0.0" />
  <testcase classname="mathml.function.CosTest" name="testGetResult_2" time="0.0010" />
  <testcase classname="mathml.function.CosTest" name="testHashCodeEquality" time="0.0" />
  <testcase classname="mathml.function.CosTest" name="testGetFunctionType" time="0.0" />
  <testcase classname="mathml.function.PowerTest" name="testReferenceEquality" time="0.0010" />
  <testcase classname="mathml.function.PowerTest" name="testGetResult_1" time="0.0" />
  <testcase classname="mathml.function.PowerTest" name="testGetResult_2" time="0.0" />
  <testcase classname="mathml.function.PowerTest" name="testHashCodeEquality" time="0.0" />
  <testcase classname="mathml.function.PowerTest" name="testGetResuult_3" time="0.0010" />
  <testcase classname="mathml.function.PowerTest" name="testGetResult_4" time="0.0" />
  <testcase classname="mathml.function.PowerTest" name="testFunctionType" time="0.0" />
  <testcase classname="mathml.function.SinTest" name="testReferenceEquality" time="0.0" />
  <testcase classname="mathml.function.SinTest" name="testGetResult_1" time="0.0" />
  <testcase classname="mathml.function.SinTest" name="testGetResult_2" time="0.0" />
  <testcase classname="mathml.function.SinTest" name="testHashCodeEquality" time="0.0" />
  <testcase classname="mathml.function.SinTest" name="testGetFunctionType" time="0.0" />
  <testcase classname="mathml.function.SqrtTest" name="testReferenceEquality" time="0.0" />
  <testcase classname="mathml.function.SqrtTest" name="testGetResult_1" time="0.0" />
  <testcase classname="mathml.function.SqrtTest" name="testGetResult_2" time="0.0" />
  <testcase classname="mathml.function.SqrtTest" name="testHashCodeEquality" time="0.0" />
  <testcase classname="mathml.function.SqrtTest" name="testGetFunctionType" time="0.0" />
  <testcase classname="mathml.function.SqrtTest" name="testGetResult_3" time="0.0" />
  <testcase classname="mathml.function.TanTest" name="testReferenceEquality" time="0.0" />
  <testcase classname="mathml.function.TanTest" name="testGetResult_1" time="0.0" />
  <testcase classname="mathml.function.TanTest" name="testGetResult_2" time="0.0" />
  <testcase classname="mathml.function.TanTest" name="testHashCodeEquality" time="0.0010" />
  <testcase classname="mathml.function.TanTest" name="testGetFunctionType" time="0.0" />
  <testcase classname="mathml.opeartion.DivisionTest" name="testReferenceEquality" time="0.0" />
  <testcase classname="mathml.opeartion.DivisionTest" name="testGetResult_1" time="0.0" />
  <testcase classname="mathml.opeartion.DivisionTest" name="testGetResult_2" time="0.0" />
  <testcase classname="mathml.opeartion.DivisionTest" name="testHashCodeEquality" time="0.0010" />
  <testcase classname="mathml.opeartion.DivisionTest" name="testGetResult_3" time="0.0" />
  <testcase classname="mathml.opeartion.DivisionTest" name="testGetOperationType" time="0.0" />
  <testcase classname="mathml.opeartion.MinusTest" name="testGetResult_1" time="0.0" />
  <testcase classname="mathml.opeartion.MinusTest" name="testGetResult_2" time="0.0" />
  <testcase classname="mathml.opeartion.MinusTest" name="testHashCodeEquality" time="0.0" />
  <testcase classname="mathml.opeartion.MinusTest" name="testGetResult_3" time="0.0" />
  <testcase classname="mathml.opeartion.MinusTest" name="testGetOperationType" time="0.0" />
  <testcase classname="mathml.opeartion.MinusTest" name="testReferenceEquality_1" time="0.0" />
  <testcase classname="mathml.opeartion.MinusTest" name="testMinusCalculation" time="0.0" />
  <testcase classname="mathml.opeartion.MinusTest" name="testReferenceEquality_2" time="0.0" />
  <testcase classname="mathml.opeartion.MultiplicationTest" name="testGetResult_1" time="0.0030" />
  <testcase classname="mathml.opeartion.MultiplicationTest" name="testGetResult_2" time="0.0" />
  <testcase classname="mathml.opeartion.MultiplicationTest" name="testHashCodeEquality" time="0.0" />
  <testcase classname="mathml.opeartion.MultiplicationTest" name="testReferenceEquality_1" time="0.0" />
  <testcase classname="mathml.opeartion.MultiplicationTest" name="testReferenceEquality_2" time="0.0" />
  <testcase classname="mathml.opeartion.PlusTest" name="testReferenceEquality_1" time="0.0010" />
  <testcase classname="mathml.opeartion.PlusTest" name="testReferenceEquality_2" time="0.0" />
  <testcase classname="mathml.opeartion.PlusTest" name="testGetArgsDistanceFromPlusOperation_1" time="0.0" />
  <testcase classname="mathml.opeartion.PlusTest" name="testGetArgsDistanceFromPlusOperation_2" time="0.0" />
  <testcase classname="mathml.opeartion.PlusTest" name="testGetArgsDistanceFromPlusOperation_3" time="0.0" />
  <testcase classname="mathml.opeartion.PlusTest" name="testGetArgsDistanceFromPlusOperation_4" time="0.0" />
  <testcase classname="mathml.opeartion.TestAbstractOperationType" name="testGetArgsDistanceFromOperation_1" time="0.0010" />
  <testcase classname="mathml.opeartion.TestAbstractOperationType" name="testGetArgsDistanceFromOperation_2" time="0.0" />
  <system-out><![CDATA[]]></system-out>
  <system-err><![CDATA[]]></system-err>
</testsuite>
